<?xml version="1.0" encoding="UTF-8"?>
<coverage generated="1584898627621" clover="3.2.0">
  <project timestamp="1584898627622" name="All files">
    <metrics statements="23" coveredstatements="23" conditionals="6" coveredconditionals="5" methods="13" coveredmethods="13" elements="42" coveredelements="41" complexity="0" loc="23" ncloc="23" packages="4" files="4" classes="4"/>
    <package name="SearchClient">
      <metrics statements="3" coveredstatements="3" conditionals="4" coveredconditionals="4" methods="2" coveredmethods="2"/>
      <file name="SearchClient.js" path="C:\Users\k3v1n\Documents\Projekte\swk-jest-testing\src\SearchClient\SearchClient.js">
        <metrics statements="3" coveredstatements="3" conditionals="4" coveredconditionals="4" methods="2" coveredmethods="2"/>
        <line num="3" count="7" type="cond" truecount="4" falsecount="0"/>
        <line num="4" count="6" type="stmt"/>
        <line num="7" count="1" type="stmt"/>
      </file>
    </package>
    <package name="SearchComponent">
      <metrics statements="8" coveredstatements="8" conditionals="0" coveredconditionals="0" methods="6" coveredmethods="6"/>
      <file name="SearchComponent.js" path="C:\Users\k3v1n\Documents\Projekte\swk-jest-testing\src\SearchComponent\SearchComponent.js">
        <metrics statements="8" coveredstatements="8" conditionals="0" coveredconditionals="0" methods="6" coveredmethods="6"/>
        <line num="3" count="3" type="stmt"/>
        <line num="4" count="3" type="stmt"/>
        <line num="6" count="3" type="stmt"/>
        <line num="11" count="3" type="stmt"/>
        <line num="12" count="3" type="stmt"/>
        <line num="19" count="7" type="stmt"/>
        <line num="23" count="2" type="stmt"/>
        <line num="27" count="1" type="stmt"/>
      </file>
    </package>
    <package name="SearchComponent.view.react">
      <metrics statements="3" coveredstatements="3" conditionals="1" coveredconditionals="1" methods="2" coveredmethods="2"/>
      <file name="SearchView.jsx" path="C:\Users\k3v1n\Documents\Projekte\swk-jest-testing\src\SearchComponent\view\react\SearchView.jsx">
        <metrics statements="3" coveredstatements="3" conditionals="1" coveredconditionals="1" methods="2" coveredmethods="2"/>
        <line num="4" count="2" type="stmt"/>
        <line num="5" count="1" type="stmt"/>
        <line num="8" count="2" type="stmt"/>
      </file>
    </package>
    <package name="SearchComponent.view.vanilla">
      <metrics statements="9" coveredstatements="9" conditionals="1" coveredconditionals="0" methods="3" coveredmethods="3"/>
      <file name="SearchView.js" path="C:\Users\k3v1n\Documents\Projekte\swk-jest-testing\src\SearchComponent\view\vanilla\SearchView.js">
        <metrics statements="9" coveredstatements="9" conditionals="1" coveredconditionals="0" methods="3" coveredmethods="3"/>
        <line num="3" count="2" type="stmt"/>
        <line num="4" count="2" type="stmt"/>
        <line num="8" count="3" type="stmt"/>
        <line num="12" count="2" type="stmt"/>
        <line num="13" count="2" type="stmt"/>
        <line num="14" count="2" type="stmt"/>
        <line num="15" count="2" type="stmt"/>
        <line num="16" count="2" type="stmt"/>
        <line num="18" count="2" type="stmt"/>
      </file>
    </package>
  </project>
</coverage>
