<?xml version="1.0" encoding="UTF-8"?>
<coverage generated="1584210540202" clover="3.2.0">
  <project timestamp="1584210540203" name="All files">
    <metrics statements="3" coveredstatements="3" conditionals="4" coveredconditionals="4" methods="2" coveredmethods="2" elements="9" coveredelements="9" complexity="0" loc="3" ncloc="3" packages="1" files="1" classes="1"/>
    <file name="SearchClient.js" path="/Users/alexandersattelmaier/code/swk-jest-testing/src/SearchClient/SearchClient.js">
      <metrics statements="3" coveredstatements="3" conditionals="4" coveredconditionals="4" methods="2" coveredmethods="2"/>
      <line num="3" count="8" type="cond" truecount="4" falsecount="0"/>
      <line num="4" count="7" type="stmt"/>
      <line num="7" count="1" type="stmt"/>
    </file>
  </project>
</coverage>
