{"/home/k3v1n/Documents/swk-jest-testing/src/SearchClient/SearchClient.js": {"path":"/home/k3v1n/Documents/swk-jest-testing/src/SearchClient/SearchClient.js","statementMap":{"0":{"start":{"line":3,"column":8},"end":{"line":5,"column":9}},"1":{"start":{"line":4,"column":12},"end":{"line":4,"column":39}},"2":{"start":{"line":7,"column":8},"end":{"line":7,"column":85}},"3":{"start":{"line":7,"column":68},"end":{"line":7,"column":83}}},"fnMap":{"0":{"name":"(anonymous_0)","decl":{"start":{"line":2,"column":4},"end":{"line":2,"column":5}},"loc":{"start":{"line":2,"column":18},"end":{"line":8,"column":5}},"line":2},"1":{"name":"(anonymous_1)","decl":{"start":{"line":7,"column":56},"end":{"line":7,"column":57}},"loc":{"start":{"line":7,"column":68},"end":{"line":7,"column":83}},"line":7}},"branchMap":{"0":{"loc":{"start":{"line":3,"column":8},"end":{"line":5,"column":9}},"type":"if","locations":[{"start":{"line":3,"column":8},"end":{"line":5,"column":9}},{"start":{"line":3,"column":8},"end":{"line":5,"column":9}}],"line":3},"1":{"loc":{"start":{"line":3,"column":12},"end":{"line":3,"column":66}},"type":"binary-expr","locations":[{"start":{"line":3,"column":12},"end":{"line":3,"column":37}},{"start":{"line":3,"column":41},"end":{"line":3,"column":66}}],"line":3}},"s":{"0":0,"1":0,"2":0,"3":0},"f":{"0":0,"1":0},"b":{"0":[0,0],"1":[0,0]},"_coverageSchema":"1a1c01bbd47fc00a2c39e90264f33305004495a9","hash":"6cee4b27a0530d430e23baab86f28c2e612e95de"}
,"/home/k3v1n/Documents/swk-jest-testing/src/SearchComponent/SearchComponent.js": {"path":"/home/k3v1n/Documents/swk-jest-testing/src/SearchComponent/SearchComponent.js","statementMap":{"0":{"start":{"line":3,"column":35},"end":{"line":3,"column":61}},"1":{"start":{"line":4,"column":32},"end":{"line":4,"column":55}},"2":{"start":{"line":9,"column":8},"end":{"line":9,"column":66}},"3":{"start":{"line":13,"column":8},"end":{"line":15,"column":46}},"4":{"start":{"line":19,"column":8},"end":{"line":21,"column":12}},"5":{"start":{"line":25,"column":8},"end":{"line":27,"column":12}}},"fnMap":{"0":{"name":"(anonymous_0)","decl":{"start":{"line":8,"column":4},"end":{"line":8,"column":5}},"loc":{"start":{"line":8,"column":30},"end":{"line":10,"column":5}},"line":8},"1":{"name":"(anonymous_1)","decl":{"start":{"line":12,"column":4},"end":{"line":12,"column":5}},"loc":{"start":{"line":12,"column":18},"end":{"line":16,"column":5}},"line":12},"2":{"name":"(anonymous_2)","decl":{"start":{"line":18,"column":4},"end":{"line":18,"column":5}},"loc":{"start":{"line":18,"column":44},"end":{"line":22,"column":5}},"line":18},"3":{"name":"(anonymous_3)","decl":{"start":{"line":24,"column":4},"end":{"line":24,"column":5}},"loc":{"start":{"line":24,"column":38},"end":{"line":28,"column":5}},"line":24}},"branchMap":{},"s":{"0":1,"1":1,"2":3,"3":7,"4":6,"5":1},"f":{"0":3,"1":7,"2":6,"3":1},"b":{},"_coverageSchema":"1a1c01bbd47fc00a2c39e90264f33305004495a9","hash":"e1074bbc9db79f57bce86d272cfb1a550d3e40f1"}
}
